2025-06-12 11:45:23,459 - SteamDefense - INFO - === STEAM DEFENSE - DÉMARRAGE ===
2025-06-12 11:45:23,480 - SteamDefense - INFO - Démarrage de Steam Defense...
2025-06-12 11:45:23,823 - ResourceManager - INFO - ResourceManager initialisé
2025-06-12 11:45:23,823 - ResourceManager - INFO - Préchargement des ressources essentielles...
2025-06-12 11:45:23,824 - ResourceManager - WARNING - Fichier texture introuvable: assets\textures\missing.png
2025-06-12 11:45:23,824 - ResourceManager - ERROR - Échec du chargement de la ressource: missing_texture
2025-06-12 11:45:23,824 - ResourceManager - WARNING - Fichier son introuvable: assets\sounds\ui\click.wav
2025-06-12 11:45:23,832 - ResourceManager - ERROR - Échec du chargement de la ressource: ui_click
2025-06-12 11:45:23,833 - ResourceManager - WARNING - Fichier son introuvable: assets\sounds\ui\hover.wav
2025-06-12 11:45:23,833 - ResourceManager - ERROR - Échec du chargement de la ressource: ui_hover
2025-06-12 11:45:23,833 - ResourceManager - WARNING - Fichier données introuvable: config\game.json
2025-06-12 11:45:23,833 - ResourceManager - ERROR - Échec du chargement de la ressource: game_config
2025-06-12 11:45:23,834 - ResourceManager - WARNING - Fichier données introuvable: assets\data\enemies.json
2025-06-12 11:45:23,834 - ResourceManager - ERROR - Échec du chargement de la ressource: enemy_stats
2025-06-12 11:45:23,834 - ResourceManager - WARNING - Fichier données introuvable: assets\data\towers.json
2025-06-12 11:45:23,834 - ResourceManager - ERROR - Échec du chargement de la ressource: tower_stats
2025-06-12 11:45:23,834 - ResourceManager - INFO - Préchargement terminé: 0/6 ressources
2025-06-12 11:45:24,018 - Game - INFO - Initialisation de la classe Game
2025-06-12 11:45:24,019 - StateManager - INFO - StateManager initialisé
2025-06-12 11:45:24,019 - EventSystem - INFO - EventSystem initialisé
2025-06-12 11:45:24,019 - GameTimer - INFO - GameTimer initialisé
2025-06-12 11:45:24,019 - InputManager - INFO - InputManager initialisé
2025-06-12 11:45:24,019 - Camera2D - INFO - Caméra 2D initialisée: 1280x720
2025-06-12 11:45:24,020 - Renderer - INFO - Renderer initialisé
2025-06-12 11:45:24,215 - SteamDefense - ERROR - Steam Defense fermé avec erreur (code: 1)
