2025-06-12 11:43:19,160 - SteamDefense - INFO - === STEAM DEFENSE - DÉMARRAGE ===
2025-06-12 11:43:19,183 - SteamDefense - INFO - Démarrage de Steam Defense...
2025-06-12 11:43:19,520 - ResourceManager - INFO - ResourceManager initialisé
2025-06-12 11:43:19,520 - ResourceManager - INFO - Préchargement des ressources essentielles...
2025-06-12 11:43:19,521 - ResourceManager - WARNING - Fichier texture introuvable: assets\textures\missing.png
2025-06-12 11:43:19,521 - ResourceManager - ERROR - Échec du chargement de la ressource: missing_texture
2025-06-12 11:43:19,521 - ResourceManager - WARNING - Fichier son introuvable: assets\sounds\ui\click.wav
2025-06-12 11:43:19,521 - ResourceManager - ERROR - Échec du chargement de la ressource: ui_click
2025-06-12 11:43:19,523 - ResourceManager - WARNING - Fichier son introuvable: assets\sounds\ui\hover.wav
2025-06-12 11:43:19,523 - ResourceManager - ERROR - Échec du chargement de la ressource: ui_hover
2025-06-12 11:43:19,523 - ResourceManager - WARNING - Fichier données introuvable: config\game.json
2025-06-12 11:43:19,523 - ResourceManager - ERROR - Échec du chargement de la ressource: game_config
2025-06-12 11:43:19,524 - ResourceManager - WARNING - Fichier données introuvable: assets\data\enemies.json
2025-06-12 11:43:19,524 - ResourceManager - ERROR - Échec du chargement de la ressource: enemy_stats
2025-06-12 11:43:19,524 - ResourceManager - WARNING - Fichier données introuvable: assets\data\towers.json
2025-06-12 11:43:19,524 - ResourceManager - ERROR - Échec du chargement de la ressource: tower_stats
2025-06-12 11:43:19,524 - ResourceManager - INFO - Préchargement terminé: 0/6 ressources
2025-06-12 11:43:19,687 - Game - INFO - Initialisation de la classe Game
2025-06-12 11:43:19,687 - StateManager - INFO - StateManager initialisé
2025-06-12 11:43:19,688 - EventSystem - INFO - EventSystem initialisé
2025-06-12 11:43:19,688 - GameTimer - INFO - GameTimer initialisé
2025-06-12 11:43:19,688 - InputManager - INFO - InputManager initialisé
2025-06-12 11:43:19,689 - Camera2D - INFO - Caméra 2D initialisée: 1280x720
2025-06-12 11:43:19,689 - Renderer - INFO - Renderer initialisé
2025-06-12 11:43:19,893 - SteamDefense - ERROR - Steam Defense fermé avec erreur (code: 1)
